[11:16:18] INFO  [CtpGui] starting gui
[11:16:18] INFO  [CtpGui] reading .properties file from path:config.properties
[11:16:26] DEBUG [CtpRunner] Out of 1000 times this graph was generated 260 time(s) not connected
[11:16:26] INFO  [CtpRunner] -----------------------------------------
[11:16:26] INFO  [CtpRunner] -------------Starting run #1-------------
[11:16:26] INFO  [CtpRunner] -----------------------------------------
[11:16:26] INFO  [CtpRunner] starting Dijkstra
[11:16:26] INFO  [CtpRunner] Dijkstra alg [costPaid=596.4461781204253] through: [V1, V6, V2, V7, V10, V16, V21, V27, V33, V37, V38, V41, V40, V44, V45, V50]
[11:16:36] DEBUG [CtpRunner] Out of 1000 times this graph was generated 267 time(s) not connected
[11:16:36] INFO  [CtpRunner] -----------------------------------------
[11:16:36] INFO  [CtpRunner] -------------Starting run #1-------------
[11:16:36] INFO  [CtpRunner] -----------------------------------------
[11:16:48] DEBUG [CtpRunner] Out of 1000 times this graph was generated 234 time(s) not connected
[11:16:48] INFO  [CtpRunner] -----------------------------------------
[11:16:48] INFO  [CtpRunner] -------------Starting run #1-------------
[11:16:48] INFO  [CtpRunner] -----------------------------------------
[11:16:51] DEBUG [CtpRunner] Out of 1000 times this graph was generated 240 time(s) not connected
[11:16:51] INFO  [CtpRunner] -----------------------------------------
[11:16:51] INFO  [CtpRunner] -------------Starting run #1-------------
[11:16:51] INFO  [CtpRunner] -----------------------------------------
[11:16:55] DEBUG [CtpRunner] Out of 1000 times this graph was generated 260 time(s) not connected
[11:16:55] INFO  [CtpRunner] -----------------------------------------
[11:16:55] INFO  [CtpRunner] -------------Starting run #1-------------
[11:16:55] INFO  [CtpRunner] -----------------------------------------
[11:17:13] DEBUG [CtpRunner] Out of 1000 times this graph was generated 368 time(s) not connected
[11:17:13] INFO  [CtpRunner] -----------------------------------------
[11:17:13] INFO  [CtpRunner] -------------Starting run #1-------------
[11:17:13] INFO  [CtpRunner] -----------------------------------------
[11:17:22] DEBUG [CtpRunner] Out of 1000 times this graph was generated 39 time(s) not connected
[11:17:22] INFO  [CtpRunner] -----------------------------------------
[11:17:22] INFO  [CtpRunner] -------------Starting run #1-------------
[11:17:22] INFO  [CtpRunner] -----------------------------------------
[11:17:33] DEBUG [CtpRunner] Out of 1000 times this graph was generated 36 time(s) not connected
[11:17:33] INFO  [CtpRunner] -----------------------------------------
[11:17:33] INFO  [CtpRunner] -------------Starting run #1-------------
[11:17:33] INFO  [CtpRunner] -----------------------------------------
[11:17:39] DEBUG [CtpRunner] Out of 1000 times this graph was generated 2 time(s) not connected
[11:17:39] INFO  [CtpRunner] -----------------------------------------
[11:17:39] INFO  [CtpRunner] -------------Starting run #1-------------
[11:17:39] INFO  [CtpRunner] -----------------------------------------
[11:17:41] DEBUG [CtpRunner] Out of 1000 times this graph was generated 5 time(s) not connected
[11:17:41] INFO  [CtpRunner] -----------------------------------------
[11:17:41] INFO  [CtpRunner] -------------Starting run #1-------------
[11:17:41] INFO  [CtpRunner] -----------------------------------------
[11:17:58] DEBUG [CtpRunner] Out of 1000 times this graph was generated 361 time(s) not connected
[11:17:58] INFO  [CtpRunner] -----------------------------------------
[11:17:58] INFO  [CtpRunner] -------------Starting run #1-------------
[11:17:58] INFO  [CtpRunner] -----------------------------------------
[11:18:02] DEBUG [CtpRunner] Out of 1000 times this graph was generated 389 time(s) not connected
[11:18:02] INFO  [CtpRunner] -----------------------------------------
[11:18:02] INFO  [CtpRunner] -------------Starting run #1-------------
[11:18:02] INFO  [CtpRunner] -----------------------------------------
[11:18:05] DEBUG [CtpRunner] Out of 1000 times this graph was generated 386 time(s) not connected
[11:18:05] INFO  [CtpRunner] Generated graph was not connected, pls try again.
[11:18:05] INFO  [CtpRunner] ([V1, V2, V3, V4, V5, V6, V7, V8, V9, V10, V11, V12, V13, V14, V15, V16, V17, V18, V19, V20, V21, V22, V23, V24, V25, V26, V27, V28, V29, V30, V31, V32, V33, V34, V35, V36, V37, V38, V39, V40, V41, V42, V43, V44, V45, V46, V47, V48, V49, V50], [BLOCKED=(V1,V2), T=(V1,V3), BLOCKED=(V1,V4), T=(V1,V5), T=(V1,V6), T=(V1,V8), T=(V1,V9), T=(V1,V10), BLOCKED=(V2,V1), BLOCKED=(V2,V4), BLOCKED=(V2,V6), BLOCKED=(V2,V7), T=(V2,V8), BLOCKED=(V2,V9), T=(V2,V10), T=(V3,V1), BLOCKED=(V3,V4), BLOCKED=(V3,V6), T=(V3,V8), T=(V3,V10), BLOCKED=(V3,V11), BLOCKED=(V4,V1), BLOCKED=(V4,V2), BLOCKED=(V4,V3), T=(V5,V1), T=(V5,V7), T=(V5,V8), BLOCKED=(V5,V9), T=(V5,V10), BLOCKED=(V5,V13), T=(V6,V1), BLOCKED=(V6,V2), BLOCKED=(V6,V3), T=(V6,V13), T=(V6,V16), BLOCKED=(V7,V2), T=(V7,V5), BLOCKED=(V7,V8), T=(V7,V14), BLOCKED=(V7,V15), BLOCKED=(V7,V16), T=(V8,V1), T=(V8,V2), T=(V8,V3), T=(V8,V5), BLOCKED=(V8,V7), BLOCKED=(V8,V13), T=(V8,V15), T=(V8,V16), T=(V9,V1), BLOCKED=(V9,V2), BLOCKED=(V9,V5), BLOCKED=(V9,V15), T=(V9,V16), T=(V9,V17), T=(V9,V18), T=(V10,V1), T=(V10,V2), T=(V10,V3), T=(V10,V5), BLOCKED=(V10,V11), BLOCKED=(V10,V12), T=(V10,V14), T=(V10,V16), BLOCKED=(V10,V17), T=(V10,V19), BLOCKED=(V11,V3), BLOCKED=(V11,V10), T=(V11,V17), T=(V11,V20), BLOCKED=(V12,V10), BLOCKED=(V12,V15), T=(V12,V16), BLOCKED=(V12,V18), BLOCKED=(V13,V5), T=(V13,V6), BLOCKED=(V13,V8), T=(V13,V14), BLOCKED=(V13,V18), BLOCKED=(V13,V19), BLOCKED=(V13,V20), T=(V13,V21), BLOCKED=(V13,V22), T=(V13,V23), T=(V14,V7), T=(V14,V10), T=(V14,V13), T=(V14,V16), T=(V14,V18), BLOCKED=(V15,V7), T=(V15,V8), BLOCKED=(V15,V9), BLOCKED=(V15,V12), BLOCKED=(V15,V16), T=(V15,V18), BLOCKED=(V15,V19), BLOCKED=(V15,V20), T=(V15,V21), T=(V15,V22), T=(V16,V6), BLOCKED=(V16,V7), T=(V16,V8), T=(V16,V9), T=(V16,V10), T=(V16,V12), T=(V16,V14), BLOCKED=(V16,V15), BLOCKED=(V16,V19), T=(V16,V20), T=(V16,V21), T=(V16,V23), T=(V17,V9), BLOCKED=(V17,V10), T=(V17,V11), T=(V17,V21), BLOCKED=(V17,V25), T=(V17,V27), T=(V18,V9), BLOCKED=(V18,V12), BLOCKED=(V18,V13), T=(V18,V14), T=(V18,V15), T=(V18,V20), T=(V18,V22), BLOCKED=(V18,V23), BLOCKED=(V18,V26), T=(V18,V27), BLOCKED=(V18,V28), T=(V19,V10), BLOCKED=(V19,V13), BLOCKED=(V19,V15), BLOCKED=(V19,V16), T=(V19,V20), BLOCKED=(V19,V26), T=(V19,V27), BLOCKED=(V19,V28), BLOCKED=(V19,V29), T=(V20,V11), BLOCKED=(V20,V13), BLOCKED=(V20,V15), T=(V20,V16), T=(V20,V18), T=(V20,V19), BLOCKED=(V20,V27), BLOCKED=(V20,V28), T=(V21,V13), T=(V21,V15), T=(V21,V16), T=(V21,V17), BLOCKED=(V21,V27), BLOCKED=(V21,V30), BLOCKED=(V22,V13), T=(V22,V15), T=(V22,V18), BLOCKED=(V22,V26), T=(V22,V27), T=(V23,V13), T=(V23,V16), BLOCKED=(V23,V18), T=(V23,V24), T=(V23,V25), BLOCKED=(V23,V27), BLOCKED=(V23,V30), BLOCKED=(V23,V32), BLOCKED=(V23,V33), T=(V24,V23), BLOCKED=(V24,V28), BLOCKED=(V24,V29), BLOCKED=(V24,V30), BLOCKED=(V24,V33), BLOCKED=(V25,V17), T=(V25,V23), T=(V25,V26), BLOCKED=(V26,V18), BLOCKED=(V26,V19), BLOCKED=(V26,V22), T=(V26,V25), T=(V26,V27), BLOCKED=(V26,V28), T=(V26,V30), T=(V26,V32), BLOCKED=(V26,V33), BLOCKED=(V26,V34), BLOCKED=(V26,V35), T=(V27,V17), T=(V27,V18), T=(V27,V19), BLOCKED=(V27,V20), BLOCKED=(V27,V21), T=(V27,V22), BLOCKED=(V27,V23), T=(V27,V26), T=(V27,V29), BLOCKED=(V27,V30), T=(V27,V36), BLOCKED=(V28,V18), BLOCKED=(V28,V19), BLOCKED=(V28,V20), BLOCKED=(V28,V24), BLOCKED=(V28,V26), BLOCKED=(V28,V30), T=(V28,V32), BLOCKED=(V28,V34), T=(V28,V37), BLOCKED=(V28,V38), BLOCKED=(V29,V19), BLOCKED=(V29,V24), T=(V29,V27), T=(V29,V31), T=(V29,V32), T=(V29,V35), BLOCKED=(V29,V37), T=(V29,V38), BLOCKED=(V30,V21), BLOCKED=(V30,V23), BLOCKED=(V30,V24), T=(V30,V26), BLOCKED=(V30,V27), BLOCKED=(V30,V28), T=(V30,V31), BLOCKED=(V30,V33), BLOCKED=(V30,V36), BLOCKED=(V30,V38), T=(V31,V29), T=(V31,V30), T=(V31,V36), T=(V31,V37), BLOCKED=(V32,V23), T=(V32,V26), T=(V32,V28), T=(V32,V29), BLOCKED=(V32,V33), T=(V32,V37), BLOCKED=(V32,V38), BLOCKED=(V33,V23), BLOCKED=(V33,V24), BLOCKED=(V33,V26), BLOCKED=(V33,V30), BLOCKED=(V33,V32), T=(V33,V34), BLOCKED=(V33,V36), BLOCKED=(V33,V37), BLOCKED=(V33,V40), BLOCKED=(V33,V43), BLOCKED=(V34,V26), BLOCKED=(V34,V28), T=(V34,V33), T=(V34,V37), BLOCKED=(V35,V26), T=(V35,V29), T=(V35,V40), T=(V36,V27), BLOCKED=(V36,V30), T=(V36,V31), BLOCKED=(V36,V33), T=(V36,V37), BLOCKED=(V36,V39), BLOCKED=(V36,V44), T=(V37,V28), BLOCKED=(V37,V29), T=(V37,V31), T=(V37,V32), BLOCKED=(V37,V33), T=(V37,V34), T=(V37,V36), BLOCKED=(V37,V39), T=(V37,V44), BLOCKED=(V37,V46), BLOCKED=(V38,V28), T=(V38,V29), BLOCKED=(V38,V30), BLOCKED=(V38,V32), T=(V38,V39), BLOCKED=(V38,V40), T=(V38,V41), T=(V38,V42), BLOCKED=(V39,V36), BLOCKED=(V39,V37), T=(V39,V38), BLOCKED=(V39,V43), BLOCKED=(V39,V49), BLOCKED=(V40,V33), T=(V40,V35), BLOCKED=(V40,V38), BLOCKED=(V40,V42), BLOCKED=(V40,V43), T=(V40,V47), T=(V41,V38), T=(V41,V45), T=(V41,V47), BLOCKED=(V41,V48), T=(V42,V38), BLOCKED=(V42,V40), BLOCKED=(V42,V43), BLOCKED=(V42,V46), BLOCKED=(V43,V33), BLOCKED=(V43,V39), BLOCKED=(V43,V40), BLOCKED=(V43,V42), T=(V43,V45), BLOCKED=(V43,V46), T=(V43,V47), T=(V43,V49), BLOCKED=(V44,V36), T=(V44,V37), T=(V44,V46), T=(V45,V41), T=(V45,V43), T=(V45,V46), BLOCKED=(V46,V37), BLOCKED=(V46,V42), BLOCKED=(V46,V43), T=(V46,V44), T=(V46,V45), T=(V46,V49), T=(V47,V40), T=(V47,V41), T=(V47,V43), T=(V47,V48), BLOCKED=(V47,V50), BLOCKED=(V48,V41), T=(V48,V47), BLOCKED=(V49,V39), T=(V49,V43), T=(V49,V46), BLOCKED=(V50,V47)])
[11:18:13] DEBUG [CtpRunner] Out of 1000 times this graph was generated 0 time(s) not connected
[11:18:13] INFO  [CtpRunner] -----------------------------------------
[11:18:13] INFO  [CtpRunner] -------------Starting run #1-------------
[11:18:13] INFO  [CtpRunner] -----------------------------------------
[11:18:16] DEBUG [CtpRunner] Out of 1000 times this graph was generated 0 time(s) not connected
[11:18:16] INFO  [CtpRunner] -----------------------------------------
[11:18:16] INFO  [CtpRunner] -------------Starting run #1-------------
[11:18:16] INFO  [CtpRunner] -----------------------------------------
[11:18:19] DEBUG [CtpRunner] Out of 1000 times this graph was generated 0 time(s) not connected
[11:18:19] INFO  [CtpRunner] -----------------------------------------
[11:18:19] INFO  [CtpRunner] -------------Starting run #1-------------
[11:18:19] INFO  [CtpRunner] -----------------------------------------
[11:18:28] DEBUG [CtpRunner] Out of 1000 times this graph was generated 36 time(s) not connected
[11:18:28] INFO  [CtpRunner] -----------------------------------------
[11:18:28] INFO  [CtpRunner] -------------Starting run #1-------------
[11:18:28] INFO  [CtpRunner] -----------------------------------------
[11:18:30] DEBUG [CtpRunner] Out of 1000 times this graph was generated 29 time(s) not connected
[11:18:30] INFO  [CtpRunner] -----------------------------------------
[11:18:30] INFO  [CtpRunner] -------------Starting run #1-------------
[11:18:30] INFO  [CtpRunner] -----------------------------------------
[11:18:35] DEBUG [CtpRunner] Out of 1000 times this graph was generated 26 time(s) not connected
[11:18:35] INFO  [CtpRunner] -----------------------------------------
[11:18:35] INFO  [CtpRunner] -------------Starting run #1-------------
[11:18:35] INFO  [CtpRunner] -----------------------------------------
[11:25:52] DEBUG [CtpRunner] Out of 1000 times this graph was generated 245 time(s) not connected
[11:25:52] INFO  [CtpRunner] -----------------------------------------
[11:25:52] INFO  [CtpRunner] -------------Starting run #1-------------
[11:25:52] INFO  [CtpRunner] -----------------------------------------
[11:25:55] DEBUG [CtpRunner] Out of 1000 times this graph was generated 238 time(s) not connected
[11:25:55] INFO  [CtpRunner] -----------------------------------------
[11:25:55] INFO  [CtpRunner] -------------Starting run #1-------------
[11:25:55] INFO  [CtpRunner] -----------------------------------------
[11:26:35] DEBUG [CtpRunner] Out of 1000 times this graph was generated 141 time(s) not connected
[11:26:35] INFO  [CtpRunner] -----------------------------------------
[11:26:35] INFO  [CtpRunner] -------------Starting run #1-------------
[11:26:35] INFO  [CtpRunner] -----------------------------------------
[11:26:37] DEBUG [CtpRunner] Out of 1000 times this graph was generated 142 time(s) not connected
[11:26:37] INFO  [CtpRunner] -----------------------------------------
[11:26:37] INFO  [CtpRunner] -------------Starting run #1-------------
[11:26:37] INFO  [CtpRunner] -----------------------------------------
[11:26:42] DEBUG [CtpRunner] Out of 1000 times this graph was generated 285 time(s) not connected
[11:26:42] INFO  [CtpRunner] -----------------------------------------
[11:26:42] INFO  [CtpRunner] -------------Starting run #1-------------
[11:26:42] INFO  [CtpRunner] -----------------------------------------
[11:26:45] DEBUG [CtpRunner] Out of 1000 times this graph was generated 321 time(s) not connected
[11:26:45] INFO  [CtpRunner] Generated graph was not connected, pls try again.
[11:26:45] INFO  [CtpRunner] ([V1, V2, V3, V4, V5, V6, V7, V8, V9, V10, V11, V12, V13, V14, V15, V16, V17, V18, V19, V20, V21, V22, V23, V24, V25, V26, V27, V28, V29, V30, V31, V32, V33, V34, V35, V36, V37, V38, V39, V40, V41, V42, V43, V44, V45, V46, V47, V48, V49, V50], [T=(V1,V3), BLOCKED=(V1,V4), T=(V1,V5), T=(V1,V6), BLOCKED=(V2,V3), T=(V2,V5), T=(V2,V6), BLOCKED=(V2,V7), BLOCKED=(V2,V8), T=(V3,V1), BLOCKED=(V3,V2), BLOCKED=(V3,V5), T=(V3,V6), BLOCKED=(V3,V8), T=(V3,V9), BLOCKED=(V4,V1), BLOCKED=(V4,V5), T=(V4,V7), T=(V5,V1), T=(V5,V2), BLOCKED=(V5,V3), BLOCKED=(V5,V4), T=(V5,V7), T=(V5,V10), T=(V6,V1), T=(V6,V2), T=(V6,V3), BLOCKED=(V7,V2), T=(V7,V4), T=(V7,V5), BLOCKED=(V7,V9), BLOCKED=(V8,V2), BLOCKED=(V8,V3), BLOCKED=(V8,V11), BLOCKED=(V8,V12), T=(V9,V3), BLOCKED=(V9,V7), T=(V9,V11), T=(V9,V14), T=(V10,V5), T=(V10,V11), T=(V10,V12), BLOCKED=(V10,V13), BLOCKED=(V10,V15), BLOCKED=(V11,V8), T=(V11,V9), T=(V11,V10), T=(V11,V13), BLOCKED=(V12,V8), T=(V12,V10), BLOCKED=(V12,V13), T=(V12,V15), T=(V12,V17), BLOCKED=(V13,V10), T=(V13,V11), BLOCKED=(V13,V12), BLOCKED=(V13,V14), T=(V13,V16), T=(V13,V18), T=(V14,V9), BLOCKED=(V14,V13), T=(V14,V17), T=(V14,V20), BLOCKED=(V15,V10), T=(V15,V12), BLOCKED=(V15,V16), BLOCKED=(V15,V17), T=(V15,V19), BLOCKED=(V15,V21), T=(V16,V13), BLOCKED=(V16,V15), BLOCKED=(V16,V19), T=(V16,V20), BLOCKED=(V16,V22), T=(V17,V12), T=(V17,V14), BLOCKED=(V17,V15), BLOCKED=(V17,V18), T=(V18,V13), BLOCKED=(V18,V17), BLOCKED=(V18,V21), T=(V18,V23), T=(V19,V15), BLOCKED=(V19,V16), BLOCKED=(V19,V21), T=(V19,V23), T=(V20,V14), T=(V20,V16), BLOCKED=(V20,V22), T=(V20,V23), BLOCKED=(V21,V15), BLOCKED=(V21,V18), BLOCKED=(V21,V19), BLOCKED=(V21,V22), T=(V21,V23), BLOCKED=(V22,V16), BLOCKED=(V22,V20), BLOCKED=(V22,V21), T=(V22,V27), T=(V23,V18), T=(V23,V19), T=(V23,V20), T=(V23,V21), BLOCKED=(V23,V25), BLOCKED=(V23,V26), BLOCKED=(V24,V25), BLOCKED=(V24,V26), T=(V24,V27), T=(V24,V29), BLOCKED=(V25,V23), BLOCKED=(V25,V24), BLOCKED=(V25,V26), T=(V25,V27), BLOCKED=(V25,V29), BLOCKED=(V26,V23), BLOCKED=(V26,V24), BLOCKED=(V26,V25), BLOCKED=(V26,V30), T=(V26,V31), T=(V27,V22), T=(V27,V24), T=(V27,V25), T=(V27,V28), T=(V27,V30), T=(V28,V27), BLOCKED=(V28,V31), BLOCKED=(V28,V32), BLOCKED=(V28,V33), T=(V29,V24), BLOCKED=(V29,V25), T=(V29,V34), T=(V29,V35), BLOCKED=(V30,V26), T=(V30,V27), BLOCKED=(V30,V32), BLOCKED=(V30,V33), T=(V30,V34), T=(V30,V36), T=(V31,V26), BLOCKED=(V31,V28), T=(V31,V34), T=(V31,V35), BLOCKED=(V31,V36), T=(V31,V37), BLOCKED=(V32,V28), BLOCKED=(V32,V30), T=(V32,V36), T=(V32,V38), BLOCKED=(V33,V28), BLOCKED=(V33,V30), BLOCKED=(V33,V37), T=(V34,V29), T=(V34,V30), T=(V34,V31), T=(V34,V35), T=(V34,V40), T=(V35,V29), T=(V35,V31), T=(V35,V34), T=(V36,V30), BLOCKED=(V36,V31), T=(V36,V32), T=(V36,V41), BLOCKED=(V36,V42), T=(V37,V31), BLOCKED=(V37,V33), BLOCKED=(V37,V38), T=(V37,V41), T=(V38,V32), BLOCKED=(V38,V37), BLOCKED=(V38,V39), T=(V38,V41), BLOCKED=(V39,V38), T=(V39,V41), T=(V39,V43), T=(V39,V44), T=(V40,V34), T=(V40,V42), BLOCKED=(V40,V43), BLOCKED=(V40,V44), BLOCKED=(V40,V46), T=(V41,V36), T=(V41,V37), T=(V41,V38), T=(V41,V39), T=(V41,V47), BLOCKED=(V42,V36), T=(V42,V40), BLOCKED=(V42,V46), T=(V42,V47), T=(V43,V39), BLOCKED=(V43,V40), BLOCKED=(V43,V45), T=(V43,V48), T=(V43,V49), T=(V44,V39), BLOCKED=(V44,V40), T=(V44,V45), T=(V44,V46), BLOCKED=(V44,V49), T=(V44,V50), BLOCKED=(V45,V43), T=(V45,V44), BLOCKED=(V45,V47), BLOCKED=(V46,V40), BLOCKED=(V46,V42), T=(V46,V44), T=(V46,V49), BLOCKED=(V46,V50), T=(V47,V41), T=(V47,V42), BLOCKED=(V47,V45), T=(V48,V43), BLOCKED=(V48,V49), T=(V48,V50), T=(V49,V43), BLOCKED=(V49,V44), T=(V49,V46), BLOCKED=(V49,V48), T=(V50,V44), BLOCKED=(V50,V46), T=(V50,V48)])
[11:26:51] DEBUG [CtpRunner] Out of 1000 times this graph was generated 151 time(s) not connected
[11:26:51] INFO  [CtpRunner] -----------------------------------------
[11:26:51] INFO  [CtpRunner] -------------Starting run #1-------------
[11:26:51] INFO  [CtpRunner] -----------------------------------------
[11:26:53] DEBUG [CtpRunner] Out of 1000 times this graph was generated 143 time(s) not connected
[11:26:53] INFO  [CtpRunner] Generated graph was not connected, pls try again.
[11:26:53] INFO  [CtpRunner] ([V1, V2, V3, V4, V5, V6, V7, V8, V9, V10, V11, V12, V13, V14, V15, V16, V17, V18, V19, V20, V21, V22, V23, V24, V25, V26, V27, V28, V29, V30, V31, V32, V33, V34, V35, V36, V37, V38, V39, V40, V41, V42, V43, V44, V45, V46, V47, V48, V49, V50], [T=(V1,V2), BLOCKED=(V1,V4), T=(V1,V5), T=(V1,V6), T=(V2,V1), T=(V2,V4), T=(V2,V5), BLOCKED=(V2,V7), T=(V3,V4), BLOCKED=(V3,V5), BLOCKED=(V3,V8), BLOCKED=(V4,V1), T=(V4,V2), T=(V4,V3), T=(V4,V7), BLOCKED=(V4,V8), T=(V5,V1), T=(V5,V2), BLOCKED=(V5,V3), BLOCKED=(V5,V6), T=(V6,V1), BLOCKED=(V6,V5), T=(V6,V8), T=(V6,V10), T=(V6,V11), T=(V6,V12), BLOCKED=(V7,V2), T=(V7,V4), BLOCKED=(V7,V9), T=(V7,V10), BLOCKED=(V7,V11), BLOCKED=(V8,V3), BLOCKED=(V8,V4), T=(V8,V6), T=(V8,V10), T=(V8,V14), BLOCKED=(V9,V7), T=(V9,V11), BLOCKED=(V9,V13), T=(V9,V15), T=(V10,V6), T=(V10,V7), T=(V10,V8), BLOCKED=(V10,V12), T=(V10,V14), T=(V11,V6), BLOCKED=(V11,V7), T=(V11,V9), BLOCKED=(V11,V13), BLOCKED=(V11,V17), T=(V12,V6), BLOCKED=(V12,V10), BLOCKED=(V12,V13), T=(V12,V15), T=(V12,V16), BLOCKED=(V12,V17), BLOCKED=(V12,V18), BLOCKED=(V13,V9), BLOCKED=(V13,V11), BLOCKED=(V13,V12), BLOCKED=(V13,V14), T=(V13,V19), T=(V14,V8), T=(V14,V10), BLOCKED=(V14,V13), BLOCKED=(V14,V16), T=(V14,V19), T=(V15,V9), T=(V15,V12), T=(V15,V20), T=(V16,V12), BLOCKED=(V16,V14), BLOCKED=(V16,V17), T=(V16,V18), BLOCKED=(V16,V21), BLOCKED=(V17,V11), BLOCKED=(V17,V12), BLOCKED=(V17,V16), BLOCKED=(V17,V19), BLOCKED=(V18,V12), T=(V18,V16), T=(V18,V20), BLOCKED=(V18,V22), T=(V19,V13), T=(V19,V14), BLOCKED=(V19,V17), BLOCKED=(V19,V20), BLOCKED=(V19,V22), T=(V20,V15), T=(V20,V18), BLOCKED=(V20,V19), T=(V20,V23), BLOCKED=(V20,V26), BLOCKED=(V21,V16), T=(V21,V22), BLOCKED=(V21,V25), T=(V21,V26), BLOCKED=(V22,V18), BLOCKED=(V22,V19), T=(V22,V21), BLOCKED=(V22,V23), BLOCKED=(V22,V24), T=(V22,V26), T=(V23,V20), BLOCKED=(V23,V22), BLOCKED=(V23,V26), BLOCKED=(V24,V22), T=(V24,V25), T=(V24,V28), BLOCKED=(V25,V21), T=(V25,V24), T=(V25,V27), BLOCKED=(V26,V20), T=(V26,V21), T=(V26,V22), BLOCKED=(V26,V23), T=(V26,V31), T=(V27,V25), BLOCKED=(V27,V29), BLOCKED=(V27,V30), T=(V27,V32), T=(V27,V33), T=(V28,V24), BLOCKED=(V28,V29), BLOCKED=(V28,V30), T=(V28,V31), T=(V28,V32), BLOCKED=(V29,V27), BLOCKED=(V29,V28), T=(V29,V30), BLOCKED=(V30,V27), BLOCKED=(V30,V28), T=(V30,V29), BLOCKED=(V30,V32), BLOCKED=(V30,V35), T=(V30,V36), T=(V31,V26), T=(V31,V28), BLOCKED=(V31,V33), BLOCKED=(V31,V37), T=(V32,V27), T=(V32,V28), BLOCKED=(V32,V30), T=(V32,V36), T=(V33,V27), BLOCKED=(V33,V31), T=(V33,V34), BLOCKED=(V33,V35), T=(V33,V39), T=(V34,V33), T=(V34,V36), T=(V34,V37), T=(V34,V39), BLOCKED=(V34,V40), BLOCKED=(V35,V30), BLOCKED=(V35,V33), BLOCKED=(V35,V37), T=(V35,V38), T=(V36,V30), T=(V36,V32), T=(V36,V34), BLOCKED=(V36,V41), BLOCKED=(V36,V42), BLOCKED=(V37,V31), T=(V37,V34), BLOCKED=(V37,V35), T=(V37,V38), BLOCKED=(V37,V40), T=(V37,V41), T=(V38,V35), T=(V38,V37), T=(V38,V39), T=(V38,V40), BLOCKED=(V38,V42), T=(V38,V43), T=(V38,V44), T=(V39,V33), T=(V39,V34), T=(V39,V38), BLOCKED=(V40,V34), BLOCKED=(V40,V37), T=(V40,V38), T=(V40,V41), T=(V40,V43), T=(V40,V44), T=(V40,V46), BLOCKED=(V41,V36), T=(V41,V37), T=(V41,V40), BLOCKED=(V41,V46), BLOCKED=(V42,V36), BLOCKED=(V42,V38), T=(V42,V45), BLOCKED=(V42,V48), T=(V43,V38), T=(V43,V40), BLOCKED=(V43,V45), BLOCKED=(V43,V47), T=(V43,V48), T=(V44,V38), T=(V44,V40), T=(V44,V47), BLOCKED=(V44,V48), T=(V44,V49), T=(V45,V42), BLOCKED=(V45,V43), BLOCKED=(V45,V47), T=(V45,V48), T=(V45,V49), BLOCKED=(V45,V50), T=(V46,V40), BLOCKED=(V46,V41), BLOCKED=(V46,V50), BLOCKED=(V47,V43), T=(V47,V44), BLOCKED=(V47,V45), BLOCKED=(V47,V49), BLOCKED=(V48,V42), T=(V48,V43), BLOCKED=(V48,V44), T=(V48,V45), T=(V49,V44), T=(V49,V45), BLOCKED=(V49,V47), T=(V49,V50), BLOCKED=(V50,V45), BLOCKED=(V50,V46), T=(V50,V49)])
[11:26:58] DEBUG [CtpRunner] Out of 1000 times this graph was generated 181 time(s) not connected
[11:26:58] INFO  [CtpRunner] -----------------------------------------
[11:26:58] INFO  [CtpRunner] -------------Starting run #1-------------
[11:26:58] INFO  [CtpRunner] -----------------------------------------
[11:26:58] DEBUG [CtpRunner] Out of 1000 times this graph was generated 172 time(s) not connected
[11:26:58] INFO  [CtpRunner] -----------------------------------------
[11:26:58] INFO  [CtpRunner] -------------Starting run #1-------------
[11:26:58] INFO  [CtpRunner] -----------------------------------------
[11:27:05] DEBUG [CtpRunner] Out of 1000 times this graph was generated 160 time(s) not connected
[11:27:05] INFO  [CtpRunner] -----------------------------------------
[11:27:05] INFO  [CtpRunner] -------------Starting run #1-------------
[11:27:05] INFO  [CtpRunner] -----------------------------------------
[11:27:12] DEBUG [CtpRunner] Out of 1000 times this graph was generated 60 time(s) not connected
[11:27:12] INFO  [CtpRunner] -----------------------------------------
[11:27:12] INFO  [CtpRunner] -------------Starting run #1-------------
[11:27:12] INFO  [CtpRunner] -----------------------------------------
[11:27:15] DEBUG [CtpRunner] Out of 1000 times this graph was generated 69 time(s) not connected
[11:27:15] INFO  [CtpRunner] -----------------------------------------
[11:27:15] INFO  [CtpRunner] -------------Starting run #1-------------
[11:27:15] INFO  [CtpRunner] -----------------------------------------
[11:27:17] DEBUG [CtpRunner] Out of 1000 times this graph was generated 67 time(s) not connected
[11:27:17] INFO  [CtpRunner] -----------------------------------------
[11:27:17] INFO  [CtpRunner] -------------Starting run #1-------------
[11:27:17] INFO  [CtpRunner] -----------------------------------------
[11:27:20] DEBUG [CtpRunner] Out of 1000 times this graph was generated 52 time(s) not connected
[11:27:20] INFO  [CtpRunner] -----------------------------------------
[11:27:20] INFO  [CtpRunner] -------------Starting run #1-------------
[11:27:20] INFO  [CtpRunner] -----------------------------------------
[11:28:38] DEBUG [CtpRunner] Out of 1000 times this graph was generated 68 time(s) not connected
[11:28:38] INFO  [CtpRunner] -----------------------------------------
[11:28:38] INFO  [CtpRunner] -------------Starting run #1-------------
[11:28:38] INFO  [CtpRunner] -----------------------------------------
[11:28:43] DEBUG [CtpRunner] Out of 1000 times this graph was generated 54 time(s) not connected
[11:28:43] INFO  [CtpRunner] -----------------------------------------
[11:28:43] INFO  [CtpRunner] -------------Starting run #1-------------
[11:28:43] INFO  [CtpRunner] -----------------------------------------
[11:28:45] DEBUG [CtpRunner] Out of 1000 times this graph was generated 71 time(s) not connected
[11:28:45] INFO  [CtpRunner] -----------------------------------------
[11:28:45] INFO  [CtpRunner] -------------Starting run #1-------------
[11:28:45] INFO  [CtpRunner] -----------------------------------------
[11:28:47] DEBUG [CtpRunner] Out of 1000 times this graph was generated 61 time(s) not connected
[11:28:47] INFO  [CtpRunner] -----------------------------------------
[11:28:47] INFO  [CtpRunner] -------------Starting run #1-------------
[11:28:47] INFO  [CtpRunner] -----------------------------------------
[11:28:53] DEBUG [CtpRunner] Out of 1000 times this graph was generated 70 time(s) not connected
[11:28:53] INFO  [CtpRunner] -----------------------------------------
[11:28:53] INFO  [CtpRunner] -------------Starting run #1-------------
[11:28:53] INFO  [CtpRunner] -----------------------------------------
[11:29:03] DEBUG [CtpRunner] Out of 1000 times this graph was generated 58 time(s) not connected
[11:29:03] INFO  [CtpRunner] -----------------------------------------
[11:29:03] INFO  [CtpRunner] -------------Starting run #1-------------
[11:29:03] INFO  [CtpRunner] -----------------------------------------
[11:29:06] DEBUG [CtpRunner] Out of 1000 times this graph was generated 52 time(s) not connected
[11:29:06] INFO  [CtpRunner] -----------------------------------------
[11:29:06] INFO  [CtpRunner] -------------Starting run #1-------------
[11:29:06] INFO  [CtpRunner] -----------------------------------------
[11:29:09] DEBUG [CtpRunner] Out of 1000 times this graph was generated 63 time(s) not connected
[11:29:09] INFO  [CtpRunner] -----------------------------------------
[11:29:09] INFO  [CtpRunner] -------------Starting run #1-------------
[11:29:09] INFO  [CtpRunner] -----------------------------------------
